Using pre-set license
Built from '2021.2/staging' branch; Version is '2021.2.7f1 (6bd9e232123f) revision 7068130'; Using compiler version '192829333'; Build Type 'Release'
OS: 'Windows 10  (10.0.19042) 64bit Education' Language: 'zh' Physical Memory: 16220 MB
BatchMode: 1, IsHumanControllingUs: 0, StartBugReporterOnCrash: 0, Is64bit: 1, IsPro: 0

COMMAND LINE ARGUMENTS:
C:\Program Files\Unity\Hub\Editor\2021.2.7f1\Editor\Unity.exe
-adb2
-batchMode
-noUpm
-name
AssetImportWorker0
-projectPath
C:/Users/haolin/Desktop/Unity/Myo-Gesture-ML-Barracuda-HaoPing_TempleRun
-logFile
Logs/AssetImportWorker0.log
-srvPort
56629
Successfully changed project path to: C:/Users/haolin/Desktop/Unity/Myo-Gesture-ML-Barracuda-HaoPing_TempleRun
C:/Users/haolin/Desktop/Unity/Myo-Gesture-ML-Barracuda-HaoPing_TempleRun
[UnityMemory] Configuration Parameters - Can be set up in boot.config
    "memorysetup-bucket-allocator-granularity=16"
    "memorysetup-bucket-allocator-bucket-count=8"
    "memorysetup-bucket-allocator-block-size=33554432"
    "memorysetup-bucket-allocator-block-count=8"
    "memorysetup-main-allocator-block-size=16777216"
    "memorysetup-thread-allocator-block-size=16777216"
    "memorysetup-gfx-main-allocator-block-size=16777216"
    "memorysetup-gfx-thread-allocator-block-size=16777216"
    "memorysetup-cache-allocator-block-size=4194304"
    "memorysetup-typetree-allocator-block-size=2097152"
    "memorysetup-profiler-bucket-allocator-granularity=16"
    "memorysetup-profiler-bucket-allocator-bucket-count=8"
    "memorysetup-profiler-bucket-allocator-block-size=33554432"
    "memorysetup-profiler-bucket-allocator-block-count=8"
    "memorysetup-profiler-allocator-block-size=16777216"
    "memorysetup-profiler-editor-allocator-block-size=1048576"
    "memorysetup-temp-allocator-size-main=16777216"
    "memorysetup-job-temp-allocator-block-size=2097152"
    "memorysetup-job-temp-allocator-block-size-background=1048576"
    "memorysetup-job-temp-allocator-reduction-small-platforms=262144"
    "memorysetup-temp-allocator-size-background-worker=32768"
    "memorysetup-temp-allocator-size-job-worker=262144"
    "memorysetup-temp-allocator-size-preload-manager=33554432"
    "memorysetup-temp-allocator-size-nav-mesh-worker=65536"
    "memorysetup-temp-allocator-size-audio-worker=65536"
    "memorysetup-temp-allocator-size-cloud-worker=32768"
    "memorysetup-temp-allocator-size-gi-baking-worker=262144"
    "memorysetup-temp-allocator-size-gfx=262144"
Refreshing native plugins compatible for Editor in 36.68 ms, found 2 plugins.
Preloading 0 native plugins for Editor in 0.00 ms.
Initialize engine version: 2021.2.7f1 (6bd9e232123f)
[Subsystems] Discovering subsystems at path C:/Program Files/Unity/Hub/Editor/2021.2.7f1/Editor/Data/Resources/UnitySubsystems
[Subsystems] Discovering subsystems at path C:/Users/haolin/Desktop/Unity/Myo-Gesture-ML-Barracuda-HaoPing_TempleRun/Assets
GfxDevice: creating device client; threaded=0; jobified=0
Direct3D:
    Version:  Direct3D 11.0 [level 11.1]
    Renderer: NVIDIA GeForce RTX 3070 Laptop GPU (ID=0x249d)
    Vendor:   NVIDIA
    VRAM:     8044 MB
    Driver:   30.0.15.1179
Initialize mono
Mono path[0] = 'C:/Program Files/Unity/Hub/Editor/2021.2.7f1/Editor/Data/Managed'
Mono path[1] = 'C:/Program Files/Unity/Hub/Editor/2021.2.7f1/Editor/Data/MonoBleedingEdge/lib/mono/unityjit-win32'
Mono config path = 'C:/Program Files/Unity/Hub/Editor/2021.2.7f1/Editor/Data/MonoBleedingEdge/etc'
Using monoOptions --debugger-agent=transport=dt_socket,embedding=1,server=y,suspend=n,address=127.0.0.1:56064
Begin MonoManager ReloadAssembly
Registering precompiled unity dll's ...
Register platform support module: C:/Program Files/Unity/Hub/Editor/2021.2.7f1/Editor/Data/PlaybackEngines/WindowsStandaloneSupport/UnityEditor.WindowsStandalone.Extensions.dll
Registered in 0.006916 seconds.
Native extension for WindowsStandalone target not found
Refreshing native plugins compatible for Editor in 29.83 ms, found 2 plugins.
Preloading 0 native plugins for Editor in 0.00 ms.
Mono: successfully reloaded assembly
- Completed reload, in  0.523 seconds
Domain Reload Profiling:
	ReloadAssembly (524ms)
		BeginReloadAssembly (69ms)
			ExecutionOrderSort (0ms)
			DisableScriptedObjects (0ms)
			BackupInstance (0ms)
			ReleaseScriptingObjects (0ms)
			CreateAndSetChildDomain (1ms)
		EndReloadAssembly (378ms)
			LoadAssemblies (67ms)
			RebuildTransferFunctionScriptingTraits (0ms)
			SetupTypeCache (104ms)
			ReleaseScriptCaches (0ms)
			RebuildScriptCaches (23ms)
			SetupLoadedEditorAssemblies (198ms)
				LogAssemblyErrors (0ms)
				InitializePlatformSupportModulesInManaged (14ms)
				SetLoadedEditorAssemblies (0ms)
				RefreshPlugins (30ms)
				BeforeProcessingInitializeOnLoad (1ms)
				ProcessInitializeOnLoadAttributes (114ms)
				ProcessInitializeOnLoadMethodAttributes (38ms)
				AfterProcessingInitializeOnLoad (0ms)
				EditorAssembliesLoaded (0ms)
			ExecutionOrderSort2 (0ms)
			AwakeInstancesAfterBackupRestoration (0ms)
Platform modules already initialized, skipping
Registering precompiled user dll's ...
Registered in 0.006138 seconds.
Begin MonoManager ReloadAssembly
Native extension for WindowsStandalone target not found
Refreshing native plugins compatible for Editor in 29.88 ms, found 2 plugins.
Preloading 0 native plugins for Editor in 0.00 ms.
Mono: successfully reloaded assembly
- Completed reload, in  1.293 seconds
Domain Reload Profiling:
	ReloadAssembly (1294ms)
		BeginReloadAssembly (124ms)
			ExecutionOrderSort (0ms)
			DisableScriptedObjects (7ms)
			BackupInstance (0ms)
			ReleaseScriptingObjects (0ms)
			CreateAndSetChildDomain (18ms)
		EndReloadAssembly (1065ms)
			LoadAssemblies (95ms)
			RebuildTransferFunctionScriptingTraits (0ms)
			SetupTypeCache (192ms)
			ReleaseScriptCaches (0ms)
			RebuildScriptCaches (38ms)
			SetupLoadedEditorAssemblies (727ms)
				LogAssemblyErrors (0ms)
				InitializePlatformSupportModulesInManaged (11ms)
				SetLoadedEditorAssemblies (0ms)
				RefreshPlugins (30ms)
				BeforeProcessingInitializeOnLoad (50ms)
				ProcessInitializeOnLoadAttributes (613ms)
				ProcessInitializeOnLoadMethodAttributes (16ms)
				AfterProcessingInitializeOnLoad (7ms)
				EditorAssembliesLoaded (0ms)
			ExecutionOrderSort2 (0ms)
			AwakeInstancesAfterBackupRestoration (5ms)
Platform modules already initialized, skipping
========================================================================
Worker process is ready to serve import requests
Launched and connected shader compiler UnityShaderCompiler.exe after 0.03 seconds
Refreshing native plugins compatible for Editor in 0.41 ms, found 2 plugins.
Preloading 0 native plugins for Editor in 0.00 ms.
Unloading 2117 Unused Serialized files (Serialized files now loaded: 0)
Unloading 53 unused Assets / (23.3 MB). Loaded Objects now: 2552.
Memory consumption went from 162.8 MB to 139.5 MB.
Total: 5.848600 ms (FindLiveObjects: 0.212500 ms CreateObjectMapping: 0.158100 ms MarkObjects: 2.179900 ms  DeleteObjects: 3.297700 ms)

AssetImportParameters requested are different than current active one (requested -> active):
  custom:video-decoder-ogg-theora: a1e56fd34408186e4bbccfd4996cb3dc -> 
  custom:container-muxer-webm: aa71ff27fc2769a1b78a27578f13a17b -> 
  custom:container-demuxer-webm: 4f35f7cbe854078d1ac9338744f61a02 -> 
  custom:video-encoder-webm-vp8: eb34c28f22e8b96e1ab97ce403110664 -> 
  custom:audio-encoder-webm-vorbis: bf7c407c2cedff20999df2af8eb42d56 -> 
  custom:framework-win-MediaFoundation: 216162199b28c13a410421893ffa2e32 -> 
  custom:container-demuxer-ogg: 62fdf1f143b41e24485cea50d1cbac27 -> 
  custom:video-decoder-webm-vp8: 9c59270c3fd7afecdb556c50c9e8de78 -> 
  custom:audio-decoder-ogg-vorbis: bf7c407c2cedff20999df2af8eb42d56 -> 
========================================================================
Received Import Request.
  Time since last request: 343755.357161 seconds.
  path: Assets/Sprites/Gestures/fist 2.png
  artifactKey: Guid(f28f58a45d1c0c64e8988195af1edd60) Importer(815301076,1909f56bfc062723c751e8b465ee728b)
Start importing Assets/Sprites/Gestures/fist 2.png using Guid(f28f58a45d1c0c64e8988195af1edd60) Importer(815301076,1909f56bfc062723c751e8b465ee728b)  -> (artifact id: '5cb5d791e7c322378bbccb368b31631a') in 0.165344 seconds 
========================================================================
Received Import Request.
  Time since last request: 11.640788 seconds.
  path: Assets/Sprites/Gestures/fist 1.png
  artifactKey: Guid(6ea2848526b3e7240a8c8af16cf0148e) Importer(815301076,1909f56bfc062723c751e8b465ee728b)
Start importing Assets/Sprites/Gestures/fist 1.png using Guid(6ea2848526b3e7240a8c8af16cf0148e) Importer(815301076,1909f56bfc062723c751e8b465ee728b)  -> (artifact id: 'da3c5e5b15ff14490be1e0d7dc76594a') in 0.012538 seconds 
========================================================================
Received Import Request.
  Time since last request: 5.047741 seconds.
  path: Assets/Sprites/Gestures/Rest.png
  artifactKey: Guid(6ea2848526b3e7240a8c8af16cf0148e) Importer(815301076,1909f56bfc062723c751e8b465ee728b)
Start importing Assets/Sprites/Gestures/Rest.png using Guid(6ea2848526b3e7240a8c8af16cf0148e) Importer(815301076,1909f56bfc062723c751e8b465ee728b)  -> (artifact id: 'be04831601e8d7260624542c34da2256') in 0.013015 seconds 
========================================================================
Received Import Request.
  Time since last request: 147.937043 seconds.
  path: Assets/Sprites/Gestures/Rest.png
  artifactKey: Guid(6ea2848526b3e7240a8c8af16cf0148e) Importer(815301076,1909f56bfc062723c751e8b465ee728b)
Start importing Assets/Sprites/Gestures/Rest.png using Guid(6ea2848526b3e7240a8c8af16cf0148e) Importer(815301076,1909f56bfc062723c751e8b465ee728b)  -> (artifact id: '493a2834f5d7cfa08a97a5dd8f3a65cb') in 0.014753 seconds 
========================================================================
Received Import Request.
  Time since last request: 107.488860 seconds.
  path: Assets/Sprites/Icons/baseline_chevron_left_white_48dp.png
  artifactKey: Guid(b86247c2654c6fd41a5ce6f9e0c6ccf1) Importer(815301076,1909f56bfc062723c751e8b465ee728b)
Start importing Assets/Sprites/Icons/baseline_chevron_left_white_48dp.png using Guid(b86247c2654c6fd41a5ce6f9e0c6ccf1) Importer(815301076,1909f56bfc062723c751e8b465ee728b)  -> (artifact id: '57cc209035452ed06ef348a0c5cb86c5') in 0.017811 seconds 
========================================================================
Received Import Request.
  Time since last request: 0.001511 seconds.
  path: Assets/Sprites/Logos/eth_logo_kurz_pos.png
  artifactKey: Guid(31028f3457e51174e91ea96ca159de33) Importer(815301076,1909f56bfc062723c751e8b465ee728b)
Start importing Assets/Sprites/Logos/eth_logo_kurz_pos.png using Guid(31028f3457e51174e91ea96ca159de33) Importer(815301076,1909f56bfc062723c751e8b465ee728b)  -> (artifact id: 'df98286cbc634eff245c929dfa8ad172') in 0.166630 seconds 
========================================================================
Received Import Request.
  Time since last request: 0.000030 seconds.
  path: Assets/Sprites/Icons/baseline_zoom_in_white_48dp.png
  artifactKey: Guid(4da3268720fd0f64e82bb6f6693118c4) Importer(815301076,1909f56bfc062723c751e8b465ee728b)
Start importing Assets/Sprites/Icons/baseline_zoom_in_white_48dp.png using Guid(4da3268720fd0f64e82bb6f6693118c4) Importer(815301076,1909f56bfc062723c751e8b465ee728b)  -> (artifact id: '5d783aab5e01b35736823e6ef19d9995') in 0.027231 seconds 
========================================================================
Received Import Request.
  Time since last request: 0.000023 seconds.
  path: Assets/Sprites/Logos/fht.png
  artifactKey: Guid(7043ca757a3e12440b9639219aea5c45) Importer(815301076,1909f56bfc062723c751e8b465ee728b)
Start importing Assets/Sprites/Logos/fht.png using Guid(7043ca757a3e12440b9639219aea5c45) Importer(815301076,1909f56bfc062723c751e8b465ee728b)  -> (artifact id: 'f2923e15fb21ef529e2dea9032c4b95a') in 0.035203 seconds 
========================================================================
Received Import Request.
  Time since last request: 0.000021 seconds.
  path: Assets/Shatalmic/Example/ArduinoHM10Test/Pictures/ChangingDeviceName.png
  artifactKey: Guid(f04056b056bf3429ca31b53e4acc95e7) Importer(815301076,1909f56bfc062723c751e8b465ee728b)
Start importing Assets/Shatalmic/Example/ArduinoHM10Test/Pictures/ChangingDeviceName.png using Guid(f04056b056bf3429ca31b53e4acc95e7) Importer(815301076,1909f56bfc062723c751e8b465ee728b)  -> (artifact id: 'a72c7cd9111943684ad587ef1fa7cdd7') in 0.162360 seconds 
Editor requested this worker to shutdown with reason: Scaling down because of idle timeout
AssetImportWorker is now disconnected from the server
Process exiting
Exiting without the bug reporter. Application will terminate with return code 0